MerlinFace API Response: null
MerlinFace API Response: null
MerlinFace API Response: null
MerlinFace API Response: null
MerlinFace API Response: null
MerlinFace API Response: null
MerlinFace API Response: null
MerlinFace API Response: null
MerlinFace API Response: null
'/Users/user/Sites/test.local/public/photo3.jpg''/Users/user/Sites/test.local/public/photo3.jpg''/Users/user/Sites/test.local/public/photo3.jpg'array (
  'task_id' => '59',
  'name' => '1ewssqds',
  'photo_path' => '/Users/user/Sites/test.local/public/photo3.jpg',
)array (
  'task_id' => '59',
  'name' => '1ewssqds',
  'photo_path' => '/Users/user/Sites/test.local/public/photo3.jpg',
)array (
  'task_id' => '81',
  'name' => '32omkj',
  'photo_path' => 
  array (
    'name' => 'photo2.jpg',
    'type' => 'image/jpeg',
    'tmp_name' => '/Users/user/Sites/test.local/public/photo2.jpg',
  ),
)array (
  'task_id' => '82',
  'name' => 'Honey',
  'photo_path' => 
  array (
    'name' => 'photo2.jpg',
    'type' => 'image/jpeg',
    'tmp_name' => '/Users/user/Sites/test.local/public/photo2.jpg',
  ),
)array (
  'task_id' => '83',
  'name' => 'Honey2',
  'photo_path' => 
  array (
    'name' => 'photo2.jpg',
    'type' => 'image/jpeg',
    'tmp_name' => '/Users/user/Sites/test.local/public/photo2.jpg',
  ),
)